********************************************************************************
DUPLICATOR-LITE PACKAGE-LOG: May 6, 2018 5:02 pm
NOTICE: Do NOT post to public sites or forums 
********************************************************************************
VERSION:	1.2.36
WORDPRESS:	4.9.5
PHP INFO:	7.2.4 | SAPI: apache2handler
SERVER:		Apache/2.4.33 (Win32) OpenSSL/1.1.0g PHP/7.2.4 
PHP TIME LIMIT: (0) no time limit imposed 
PHP MAX MEMORY: 2048M (128M default) 
MEMORY STACK: 14MB 

********************************************************************************
DATABASE:
********************************************************************************
BUILD MODE:   MYSQLDUMP
MYSQLTIMEOUT: 5000
MYSQLDUMP:    Is Supported 
FILTERED: [] 
RESPONSE: Ran from C:/xampp/mysql/bin/mysqldump.exe 
TABLES: total:25 | filtered:0 | create:25 
SQL CREATED: 20180506_wordpress_66bce3f11082298e2826180506170240_database.sql 
SQL FILE SIZE: 292.17KB (299182) 
SQL FILE TIME: 2018-05-06 17:02:54 
SQL RUNTIME: 1.33 sec. 

******************************************************************************** 
ARCHIVE (ZIP): 
******************************************************************************** 
ARCHIVE DIR:  C:/xampp/htdocs/new 
ARCHIVE FILE: 20180506_wordpress_66bce3f11082298e2826180506170240_archive.zip 
FILTERS: *OFF* 
DIRS:
	not set 
FILES:
	not set 
EXTS:  not set 
---------------------------------------- 
COMPRESSING 
SIZE:	42.73MB 
STATS:	Dirs 246 | Files 2,074 
SQL ADDED: 20180506_wordpress_66bce3f11082298e2826180506170240_database.sql 
ZipArchive Object
(
    [status] => 0
    [statusSys] => 0
    [numFiles] => 2320
    [filename] => C:\xampp\htdocs\new\wp-snapshots\tmp\20180506_wordpress_66bce3f11082298e2826180506170240_archive.zip
    [comment] => 
)
 
COMPRESSION RESULT: '1' 
COMPRESSED SIZE: 17MB 
ARCHIVE RUNTIME: 22.95 sec. 
MEMORY STACK: 14MB 

******************************************************************************** 
MAKE INSTALLER: 
******************************************************************************** 
Build Start 
Build Finished 
Preping for use 
PACK SIZE:  
Template parsed with new data 
Complete [C:/xampp/htdocs/new/wp-snapshots/tmp/20180506_wordpress_66bce3f11082298e2826180506170240_installer.php] 
Added to archive 

******************************************************************************** 
INTEGRITY CHECKS: 
******************************************************************************** 
SQL File: 292.17KB 
Installer File: 445.86KB 
Archive File: 17MB  

********************************************************************************
RECORD ID:[1]
TOTAL PROCESS RUNTIME: 25.51 sec.
PEAK PHP MEMORY USED: 16MB
DONE PROCESSING => 20180506_wordpress May 6, 2018 5:03 pm
 
